{
  "errorCode": 422,
  "message": "Failed to validate",
  "details": [
    {
      "message": "\"username\" is required",
      "path": [
        "username"
      ],
      "type": "any.required",
      "context": {
        "label": "username",
        "key": "username"
      }
    }
  ]
}
{
  "errorCode": 422,
  "message": "Failed to validate",
  "details": [
    {
      "message": "\"categoryTitle\" is required",
      "path": [
        "categoryTitle"
      ],
      "type": "any.required",
      "context": {
        "label": "categoryTitle",
        "key": "categoryTitle"
      }
    }
  ]
}
{
  "errorCode": 422,
  "message": "Failed to validate",
  "details": [
    {
      "message": "\"name\" is required",
      "path": [
        "name"
      ],
      "type": "any.required",
      "context": {
        "label": "name",
        "key": "name"
      }
    }
  ]
}
{
  "errorCode": 422,
  "message": "Failed to validate",
  "details": null
}
{
  "errorCode": 422,
  "message": "Failed to validate",
  "details": null
}
{
  "errorCode": 422,
  "message": "Failed to validate",
  "details": null
}
{
  "errorCode": 422,
  "message": "Failed to validate",
  "details": null
}
{
  "errorCode": 422,
  "message": "Failed to validate",
  "details": null
}
{
  "errorCode": 422,
  "message": "Failed to validate",
  "details": null
}
{
  "errorCode": 422,
  "message": "Failed to validate",
  "details": null
}
{
  "errorCode": 422,
  "message": "Failed to validate",
  "details": null
}
{
  "errorCode": 422,
  "message": "Failed to validate",
  "details": null
}
{
  "thrownAt": "2022-09-07T21:31:43.457Z",
  "err": {
    "errorCode": 422,
    "message": "Failed to validate",
    "details": null
  }
}
{
  "thrownAt": "2022-09-07T21:32:32.502Z",
  "err": {
    "errorCode": 422,
    "message": "Failed to validate",
    "details": null
  }
}
{
  "thrownAt": "2022-09-07T21:33:14.485Z",
  "err": {
    "errorCode": 422,
    "message": "Failed to validate",
    "details": null
  }
},
{
  "thrownAt": "2022-09-08T08:51:15.919Z",
  "err": {
    "errorMessage": "Invalid token",
    "errorCode": 401
  }
},
{
  "thrownAt": "2022-09-08T10:28:44.822Z",
  "err": {
    "errorMessage": "Invalid token",
    "errorCode": 401
  }
},
{
  "thrownAt": "2022-09-08T10:29:03.166Z",
  "err": {
    "errorMessage": "Product with id '63190aa65e64934d0e908a35' was not found.",
    "errorCode": 404
  }
},
{
  "thrownAt": "2022-09-08T18:59:42.004Z",
  "err": {
    "errorMessage": "Invalid token",
    "errorCode": 401
  }
},
{
  "thrownAt": "2022-09-08T20:07:34.669Z",
  "err": {
    "errorMessage": "No document was found having [object Object]",
    "errorCode": 404
  }
},
{
  "thrownAt": "2022-09-08T20:08:16.913Z",
  "err": {
    "errorMessage": "No document was found having {\"username\":\"ali\"}",
    "errorCode": 404
  }
},
{
  "thrownAt": "2022-09-08T20:11:24.766Z",
  "err": {
    "errorMessage": "No document was found having this data",
    "errorCode": 404
  }
},
{
  "thrownAt": "2022-09-08T20:11:27.038Z",
  "err": {
    "errorMessage": "No document was found having this data",
    "errorCode": 404
  }
},
{
  "thrownAt": "2022-09-08T20:13:02.128Z",
  "err": {
    "errorMessage": "No document was found having this data",
    "errorCode": 404,
    "queryData": {
      "username": "ali"
    }
  }
},
{
  "thrownAt": "2022-09-08T20:17:07.956Z",
  "err": {
    "errorMessage": "No document was found having this data",
    "errorCode": 404,
    "queryData": {
      "username": "ali"
    }
  }
},
